<?xml version="1.0" encoding="UTF-8"?>
<!-- Generated by org.testng.reporters.JUnitXMLReporter -->
<testsuite ignored="5" hostname="LAPTOP-D8BT2UUL" failures="0" tests="1" name="Default test" time="4.825" errors="0" timestamp="2022-12-15T19:20:23 EST">
  <testcase classname="tests.PetStoreApiTests" name="postACat" time="4.76"/>
  <testcase classname="tests.PetStoreApiTests" name="findPetByStatus" time="0.0">
    <ignored/>
  </testcase> <!-- findPetByStatus -->
  <testcase classname="tests.PetStoreApiTests" name="postAPet" time="0.0">
    <ignored/>
  </testcase> <!-- postAPet -->
  <testcase classname="tests.PetStoreApiTests" name="getById" time="0.0">
    <ignored/>
  </testcase> <!-- getById -->
  <testcase classname="tests.PetStoreApiTests" name="getPetById" time="0.0">
    <ignored/>
  </testcase> <!-- getPetById -->
  <testcase classname="tests.PetStoreApiTests" name="updateCat" time="0.0">
    <ignored/>
  </testcase> <!-- updateCat -->
</testsuite> <!-- Default test -->
